  [1m[35m (569.6ms)[0m  [1m[35mCREATE DATABASE "api_bean_development" ENCODING = 'unicode'[0m
  [1m[35m (150.7ms)[0m  [1m[35mCREATE DATABASE "api_bean_test" ENCODING = 'unicode'[0m
  [1m[35m (55.2ms)[0m  [1m[35mCREATE TABLE "schema_migrations" ("version" character varying NOT NULL PRIMARY KEY)[0m
  [1m[35m (7.2ms)[0m  [1m[35mCREATE TABLE "ar_internal_metadata" ("key" character varying NOT NULL PRIMARY KEY, "value" character varying, "created_at" timestamp(6) NOT NULL, "updated_at" timestamp(6) NOT NULL)[0m
  [1m[35m (1.6ms)[0m  [1m[34mSELECT pg_try_advisory_lock(3342365435858922795)[0m
  [1m[35m (1.2ms)[0m  [1m[34mSELECT "schema_migrations"."version" FROM "schema_migrations" ORDER BY "schema_migrations"."version" ASC[0m
Migrating to CreateUsers (20200812183419)
  [1m[35m (3.8ms)[0m  [1m[35mBEGIN[0m
  [1m[35m (47.1ms)[0m  [1m[35mCREATE TABLE "users" ("id" bigserial primary key, "username" character varying, "password" character varying, "created_at" timestamp(6) NOT NULL, "updated_at" timestamp(6) NOT NULL)[0m
  [1m[36mprimary::SchemaMigration Create (5.5ms)[0m  [1m[32mINSERT INTO "schema_migrations" ("version") VALUES ($1) RETURNING "version"[0m  [["version", "20200812183419"]]
  [1m[35m (0.4ms)[0m  [1m[35mCOMMIT[0m
Migrating to CreateShops (20200812183432)
  [1m[35m (2.9ms)[0m  [1m[35mBEGIN[0m
  [1m[35m (12.7ms)[0m  [1m[35mCREATE TABLE "shops" ("id" bigserial primary key, "name" character varying, "address" character varying, "city" character varying, "state" character varying, "postalcode" character varying, "country" character varying, "created_at" timestamp(6) NOT NULL, "updated_at" timestamp(6) NOT NULL)[0m
  [1m[36mprimary::SchemaMigration Create (0.8ms)[0m  [1m[32mINSERT INTO "schema_migrations" ("version") VALUES ($1) RETURNING "version"[0m  [["version", "20200812183432"]]
  [1m[35m (1.5ms)[0m  [1m[35mCOMMIT[0m
Migrating to CreateReviews (20200812183506)
  [1m[35m (0.4ms)[0m  [1m[35mBEGIN[0m
  [1m[35m (20.9ms)[0m  [1m[35mCREATE TABLE "reviews" ("id" bigserial primary key, "shop_id" bigint NOT NULL, "user_id" bigint NOT NULL, "img" character varying, "rate" decimal(2,2), "content" text, "created_at" timestamp(6) NOT NULL, "updated_at" timestamp(6) NOT NULL, CONSTRAINT "fk_rails_f7fb031385"
FOREIGN KEY ("shop_id")
  REFERENCES "shops" ("id")
, CONSTRAINT "fk_rails_74a66bd6c5"
FOREIGN KEY ("user_id")
  REFERENCES "users" ("id")
)[0m
  [1m[35m (2.3ms)[0m  [1m[35mCREATE  INDEX  "index_reviews_on_shop_id" ON "reviews"  ("shop_id")[0m
  [1m[35m (1.5ms)[0m  [1m[35mCREATE  INDEX  "index_reviews_on_user_id" ON "reviews"  ("user_id")[0m
  [1m[36mprimary::SchemaMigration Create (0.4ms)[0m  [1m[32mINSERT INTO "schema_migrations" ("version") VALUES ($1) RETURNING "version"[0m  [["version", "20200812183506"]]
  [1m[35m (0.5ms)[0m  [1m[35mCOMMIT[0m
  [1m[36mActiveRecord::InternalMetadata Load (1.3ms)[0m  [1m[34mSELECT "ar_internal_metadata".* FROM "ar_internal_metadata" WHERE "ar_internal_metadata"."key" = $1 LIMIT $2[0m  [["key", "environment"], ["LIMIT", 1]]
  [1m[35m (0.3ms)[0m  [1m[35mBEGIN[0m
  [1m[36mActiveRecord::InternalMetadata Create (2.6ms)[0m  [1m[32mINSERT INTO "ar_internal_metadata" ("key", "value", "created_at", "updated_at") VALUES ($1, $2, $3, $4) RETURNING "key"[0m  [["key", "environment"], ["value", "development"], ["created_at", "2020-08-12 18:35:50.797199"], ["updated_at", "2020-08-12 18:35:50.797199"]]
  [1m[35m (1.0ms)[0m  [1m[35mCOMMIT[0m
  [1m[35m (0.6ms)[0m  [1m[34mSELECT pg_advisory_unlock(3342365435858922795)[0m
  [1m[35m (1.6ms)[0m  [1m[34mSELECT "schema_migrations"."version" FROM "schema_migrations" ORDER BY "schema_migrations"."version" ASC[0m
  [1m[35m (1.6ms)[0m  [1m[34mSELECT "schema_migrations"."version" FROM "schema_migrations" ORDER BY "schema_migrations"."version" ASC[0m
  [1m[36mShop Load (1.8ms)[0m  [1m[34mSELECT "shops".* FROM "shops"[0m
  [1m[36mUser Load (3.2ms)[0m  [1m[34mSELECT "users".* FROM "users"[0m
  [1m[36mReview Load (4.6ms)[0m  [1m[34mSELECT "reviews".* FROM "reviews"[0m
  [1m[35m (0.2ms)[0m  [1m[35mBEGIN[0m
  [1m[36mShop Create (3.2ms)[0m  [1m[32mINSERT INTO "shops" ("name", "address", "city", "state", "postalcode", "country", "created_at", "updated_at") VALUES ($1, $2, $3, $4, $5, $6, $7, $8) RETURNING "id"[0m  [["name", "Bearclaw Coffee"], ["address", "2460 Washtenaw Ave"], ["city", "Ann Arbor"], ["state", "MI"], ["postalcode", "60610"], ["country", "USA"], ["created_at", "2020-08-12 18:40:32.668053"], ["updated_at", "2020-08-12 18:40:32.668053"]]
  [1m[35m (0.6ms)[0m  [1m[35mCOMMIT[0m
  [1m[35m (0.2ms)[0m  [1m[35mBEGIN[0m
  [1m[36mShop Create (0.4ms)[0m  [1m[32mINSERT INTO "shops" ("name", "address", "city", "state", "postalcode", "country", "created_at", "updated_at") VALUES ($1, $2, $3, $4, $5, $6, $7, $8) RETURNING "id"[0m  [["name", "Intelligentsia Coffee"], ["address", "1233 N Wells"], ["city", "Chicago"], ["state", "IL"], ["postalcode", "48104"], ["country", "USA"], ["created_at", "2020-08-12 18:40:32.675143"], ["updated_at", "2020-08-12 18:40:32.675143"]]
  [1m[35m (0.3ms)[0m  [1m[35mCOMMIT[0m
  [1m[35m (0.3ms)[0m  [1m[35mBEGIN[0m
  [1m[36mUser Create (0.8ms)[0m  [1m[32mINSERT INTO "users" ("username", "password", "created_at", "updated_at") VALUES ($1, $2, $3, $4) RETURNING "id"[0m  [["username", "pallie"], ["password", "password"], ["created_at", "2020-08-12 18:40:32.684062"], ["updated_at", "2020-08-12 18:40:32.684062"]]
  [1m[35m (0.6ms)[0m  [1m[35mCOMMIT[0m
  [1m[35m (0.3ms)[0m  [1m[35mBEGIN[0m
  [1m[36mUser Create (0.4ms)[0m  [1m[32mINSERT INTO "users" ("username", "password", "created_at", "updated_at") VALUES ($1, $2, $3, $4) RETURNING "id"[0m  [["username", "ryan"], ["password", "password"], ["created_at", "2020-08-12 18:40:32.688456"], ["updated_at", "2020-08-12 18:40:32.688456"]]
  [1m[35m (0.6ms)[0m  [1m[35mCOMMIT[0m
Started GET "/reviews" for ::1 at 2020-08-12 14:40:41 -0400
  [1m[35m (2.0ms)[0m  [1m[34mSELECT "schema_migrations"."version" FROM "schema_migrations" ORDER BY "schema_migrations"."version" ASC[0m
Processing by ReviewsController#index as HTML
  [1m[36mReview Load (12.4ms)[0m  [1m[34mSELECT "reviews".* FROM "reviews"[0m
  ↳ app/controllers/reviews_controller.rb:8:in `index'
Completed 200 OK in 178ms (Views: 4.5ms | ActiveRecord: 168.1ms | Allocations: 2625)


Started GET "/users" for ::1 at 2020-08-12 14:40:45 -0400
Processing by UsersController#index as HTML
  [1m[36mUser Load (33.5ms)[0m  [1m[34mSELECT "users".* FROM "users"[0m
  ↳ app/controllers/users_controller.rb:8:in `index'
Completed 200 OK in 85ms (Views: 5.9ms | ActiveRecord: 70.7ms | Allocations: 6128)


Started GET "/shops" for ::1 at 2020-08-12 14:40:53 -0400
Processing by ShopsController#index as HTML
  [1m[36mShop Load (5.4ms)[0m  [1m[34mSELECT "shops".* FROM "shops"[0m
  ↳ app/controllers/shops_controller.rb:8:in `index'
Completed 200 OK in 63ms (Views: 12.2ms | ActiveRecord: 43.7ms | Allocations: 8471)


  [1m[35m (0.2ms)[0m  [1m[35mBEGIN[0m
  [1m[36mShop Load (1.7ms)[0m  [1m[34mSELECT "shops".* FROM "shops" WHERE "shops"."id" = $1 LIMIT $2[0m  [["id", 1], ["LIMIT", 1]]
  [1m[36mUser Load (1.1ms)[0m  [1m[34mSELECT "users".* FROM "users" WHERE "users"."id" = $1 LIMIT $2[0m  [["id", 1], ["LIMIT", 1]]
  [1m[36mReview Create (13.4ms)[0m  [1m[32mINSERT INTO "reviews" ("shop_id", "user_id", "img", "rate", "content", "created_at", "updated_at") VALUES ($1, $2, $3, $4, $5, $6, $7) RETURNING "id"[0m  [["shop_id", 1], ["user_id", 1], ["img", "https://i.imgur.com/pfqCkB3.png"], ["rate", "4.8"], ["content", "Fun flavors and location, not very hipster though."], ["created_at", "2020-08-12 18:42:15.855468"], ["updated_at", "2020-08-12 18:42:15.855468"]]
  [1m[35m (0.2ms)[0m  [1m[31mROLLBACK[0m
  [1m[35m (1.2ms)[0m  [1m[34mSELECT "schema_migrations"."version" FROM "schema_migrations" ORDER BY "schema_migrations"."version" ASC[0m
  [1m[35m (0.4ms)[0m  [1m[34mSELECT "schema_migrations"."version" FROM "schema_migrations" ORDER BY "schema_migrations"."version" ASC[0m
  [1m[35m (0.2ms)[0m  [1m[34mSELECT "schema_migrations"."version" FROM "schema_migrations" ORDER BY "schema_migrations"."version" ASC[0m
  [1m[35m (0.3ms)[0m  [1m[34mSELECT pg_try_advisory_lock(3342365435858922795)[0m
  [1m[35m (0.4ms)[0m  [1m[34mSELECT "schema_migrations"."version" FROM "schema_migrations" ORDER BY "schema_migrations"."version" ASC[0m
Migrating to CreateReviews (20200812183506)
  [1m[35m (1.6ms)[0m  [1m[35mBEGIN[0m
  [1m[35m (20.3ms)[0m  [1m[35mDROP TABLE "reviews"[0m
  [1m[36mprimary::SchemaMigration Destroy (5.6ms)[0m  [1m[31mDELETE FROM "schema_migrations" WHERE "schema_migrations"."version" = $1[0m  [["version", "20200812183506"]]
  [1m[35m (2.8ms)[0m  [1m[35mCOMMIT[0m
  [1m[35m (0.5ms)[0m  [1m[34mSELECT pg_advisory_unlock(3342365435858922795)[0m
  [1m[35m (3.1ms)[0m  [1m[34mSELECT "schema_migrations"."version" FROM "schema_migrations" ORDER BY "schema_migrations"."version" ASC[0m
  [1m[35m (0.3ms)[0m  [1m[34mSELECT pg_try_advisory_lock(3342365435858922795)[0m
  [1m[35m (1.3ms)[0m  [1m[34mSELECT "schema_migrations"."version" FROM "schema_migrations" ORDER BY "schema_migrations"."version" ASC[0m
Migrating to CreateReviews (20200812183506)
  [1m[35m (0.3ms)[0m  [1m[35mBEGIN[0m
  [1m[35m (19.0ms)[0m  [1m[35mCREATE TABLE "reviews" ("id" bigserial primary key, "shop_id" bigint NOT NULL, "user_id" bigint NOT NULL, "img" character varying, "rate" decimal(4,2), "content" text, "created_at" timestamp(6) NOT NULL, "updated_at" timestamp(6) NOT NULL, CONSTRAINT "fk_rails_f7fb031385"
FOREIGN KEY ("shop_id")
  REFERENCES "shops" ("id")
, CONSTRAINT "fk_rails_74a66bd6c5"
FOREIGN KEY ("user_id")
  REFERENCES "users" ("id")
)[0m
  [1m[35m (1.6ms)[0m  [1m[35mCREATE  INDEX  "index_reviews_on_shop_id" ON "reviews"  ("shop_id")[0m
  [1m[35m (1.2ms)[0m  [1m[35mCREATE  INDEX  "index_reviews_on_user_id" ON "reviews"  ("user_id")[0m
  [1m[36mprimary::SchemaMigration Create (0.6ms)[0m  [1m[32mINSERT INTO "schema_migrations" ("version") VALUES ($1) RETURNING "version"[0m  [["version", "20200812183506"]]
  [1m[35m (0.7ms)[0m  [1m[35mCOMMIT[0m
  [1m[36mActiveRecord::InternalMetadata Load (0.5ms)[0m  [1m[34mSELECT "ar_internal_metadata".* FROM "ar_internal_metadata" WHERE "ar_internal_metadata"."key" = $1 LIMIT $2[0m  [["key", "environment"], ["LIMIT", 1]]
  [1m[35m (0.5ms)[0m  [1m[34mSELECT pg_advisory_unlock(3342365435858922795)[0m
  [1m[35m (1.7ms)[0m  [1m[34mSELECT "schema_migrations"."version" FROM "schema_migrations" ORDER BY "schema_migrations"."version" ASC[0m
  [1m[35m (0.2ms)[0m  [1m[35mBEGIN[0m
  [1m[36mShop Load (2.3ms)[0m  [1m[34mSELECT "shops".* FROM "shops" WHERE "shops"."id" = $1 LIMIT $2[0m  [["id", 1], ["LIMIT", 1]]
  [1m[36mUser Load (0.8ms)[0m  [1m[34mSELECT "users".* FROM "users" WHERE "users"."id" = $1 LIMIT $2[0m  [["id", 1], ["LIMIT", 1]]
  [1m[36mReview Create (9.6ms)[0m  [1m[32mINSERT INTO "reviews" ("shop_id", "user_id", "img", "rate", "content", "created_at", "updated_at") VALUES ($1, $2, $3, $4, $5, $6, $7) RETURNING "id"[0m  [["shop_id", 1], ["user_id", 1], ["img", "https://i.imgur.com/pfqCkB3.png"], ["rate", "4.8"], ["content", "Fun flavors and location, not very hipster though."], ["created_at", "2020-08-12 18:43:37.172681"], ["updated_at", "2020-08-12 18:43:37.172681"]]
  [1m[35m (0.6ms)[0m  [1m[35mCOMMIT[0m
  [1m[35m (0.3ms)[0m  [1m[35mBEGIN[0m
  [1m[36mShop Load (0.5ms)[0m  [1m[34mSELECT "shops".* FROM "shops" WHERE "shops"."id" = $1 LIMIT $2[0m  [["id", 2], ["LIMIT", 1]]
  [1m[36mUser Load (0.4ms)[0m  [1m[34mSELECT "users".* FROM "users" WHERE "users"."id" = $1 LIMIT $2[0m  [["id", 2], ["LIMIT", 1]]
  [1m[36mReview Create (0.9ms)[0m  [1m[32mINSERT INTO "reviews" ("shop_id", "user_id", "img", "rate", "content", "created_at", "updated_at") VALUES ($1, $2, $3, $4, $5, $6, $7) RETURNING "id"[0m  [["shop_id", 2], ["user_id", 2], ["img", "https://i.imgur.com/jNqGwGP.png"], ["rate", "7.2"], ["content", "Solid coffee, great location, not much seating."], ["created_at", "2020-08-12 18:43:37.188715"], ["updated_at", "2020-08-12 18:43:37.188715"]]
  [1m[35m (0.5ms)[0m  [1m[35mCOMMIT[0m
Started GET "/shops" for ::1 at 2020-08-12 14:44:11 -0400
  [1m[35m (1.2ms)[0m  [1m[34mSELECT "schema_migrations"."version" FROM "schema_migrations" ORDER BY "schema_migrations"."version" ASC[0m
Processing by ShopsController#index as HTML
  [1m[36mShop Load (1.0ms)[0m  [1m[34mSELECT "shops".* FROM "shops"[0m
  ↳ app/controllers/shops_controller.rb:8:in `index'
Completed 200 OK in 40ms (Views: 16.6ms | ActiveRecord: 16.5ms | Allocations: 9308)


Started GET "/reviews" for ::1 at 2020-08-12 14:44:13 -0400
Processing by ReviewsController#index as HTML
  [1m[36mReview Load (1.2ms)[0m  [1m[34mSELECT "reviews".* FROM "reviews"[0m
  ↳ app/controllers/reviews_controller.rb:8:in `index'
Completed 200 OK in 44ms (Views: 17.5ms | ActiveRecord: 21.4ms | Allocations: 7522)


Started GET "/shops" for ::1 at 2020-08-12 14:44:19 -0400
Processing by ShopsController#index as HTML
  [1m[36mShop Load (0.6ms)[0m  [1m[34mSELECT "shops".* FROM "shops"[0m
  ↳ app/controllers/shops_controller.rb:8:in `index'
Completed 200 OK in 4ms (Views: 2.9ms | ActiveRecord: 0.6ms | Allocations: 1207)


Started GET "/reviews" for ::1 at 2020-08-12 14:44:27 -0400
Processing by ReviewsController#index as HTML
  [1m[36mReview Load (1.0ms)[0m  [1m[34mSELECT "reviews".* FROM "reviews"[0m
  ↳ app/controllers/reviews_controller.rb:8:in `index'
Completed 200 OK in 5ms (Views: 3.6ms | ActiveRecord: 1.0ms | Allocations: 1160)


Started GET "/users" for ::1 at 2020-08-12 14:44:30 -0400
Processing by UsersController#index as HTML
  [1m[36mUser Load (1.4ms)[0m  [1m[34mSELECT "users".* FROM "users"[0m
  ↳ app/controllers/users_controller.rb:8:in `index'
Completed 200 OK in 43ms (Views: 12.7ms | ActiveRecord: 24.9ms | Allocations: 5630)


Started GET "/" for ::1 at 2020-08-12 15:33:55 -0400
  [1m[35m (3.6ms)[0m  [1m[34mSELECT "schema_migrations"."version" FROM "schema_migrations" ORDER BY "schema_migrations"."version" ASC[0m
Processing by WelcomeController#index as HTML
Completed 200 OK in 1ms (Views: 0.2ms | ActiveRecord: 0.0ms | Allocations: 176)


Started GET "/shops" for ::1 at 2020-08-12 15:33:59 -0400
Processing by ShopsController#index as HTML
  [1m[36mShop Load (27.4ms)[0m  [1m[34mSELECT "shops".* FROM "shops"[0m
  ↳ app/controllers/shops_controller.rb:8:in `index'
Completed 200 OK in 74ms (Views: 14.4ms | ActiveRecord: 46.4ms | Allocations: 9267)


Started GET "/reviews" for ::1 at 2020-08-12 15:34:01 -0400
Processing by ReviewsController#index as HTML
  [1m[36mReview Load (2.0ms)[0m  [1m[34mSELECT "reviews".* FROM "reviews"[0m
  ↳ app/controllers/reviews_controller.rb:8:in `index'
Completed 200 OK in 66ms (Views: 31.7ms | ActiveRecord: 25.0ms | Allocations: 7558)


Started GET "/" for ::1 at 2020-08-12 15:34:14 -0400
Processing by WelcomeController#index as HTML
Completed 200 OK in 0ms (Views: 0.2ms | ActiveRecord: 0.0ms | Allocations: 99)


Started GET "/reviews" for ::1 at 2020-08-12 15:42:03 -0400
Processing by ReviewsController#index as HTML
  [1m[36mReview Load (20.7ms)[0m  [1m[34mSELECT "reviews".* FROM "reviews"[0m
  ↳ app/controllers/reviews_controller.rb:8:in `index'
Completed 200 OK in 42ms (Views: 16.2ms | ActiveRecord: 20.7ms | Allocations: 1235)


Started GET "/reviews" for ::1 at 2020-08-12 15:42:29 -0400
Processing by ReviewsController#index as HTML
  [1m[36mReview Load (0.9ms)[0m  [1m[34mSELECT "reviews".* FROM "reviews"[0m
  ↳ app/controllers/reviews_controller.rb:8:in `index'
Completed 200 OK in 4ms (Views: 3.2ms | ActiveRecord: 0.9ms | Allocations: 1142)


Started GET "/reviews" for ::1 at 2020-08-12 15:47:01 -0400
Processing by ReviewsController#index as HTML
  [1m[36mReview Load (0.5ms)[0m  [1m[34mSELECT "reviews".* FROM "reviews"[0m
  ↳ app/controllers/reviews_controller.rb:8:in `index'
Completed 200 OK in 4ms (Views: 2.7ms | ActiveRecord: 0.5ms | Allocations: 1142)


Started GET "/reviews" for ::1 at 2020-08-12 15:47:26 -0400
Processing by ReviewsController#index as HTML
  [1m[36mReview Load (0.6ms)[0m  [1m[34mSELECT "reviews".* FROM "reviews"[0m
  ↳ app/controllers/reviews_controller.rb:8:in `index'
Completed 200 OK in 4ms (Views: 3.2ms | ActiveRecord: 0.6ms | Allocations: 1158)


Started GET "/users" for ::1 at 2020-08-12 15:49:04 -0400
Processing by UsersController#index as HTML
  [1m[36mUser Load (8.2ms)[0m  [1m[34mSELECT "users".* FROM "users"[0m
  ↳ app/controllers/users_controller.rb:8:in `index'
Completed 200 OK in 57ms (Views: 16.1ms | ActiveRecord: 27.7ms | Allocations: 5641)


Started GET "/reviews" for ::1 at 2020-08-12 15:51:50 -0400
Processing by ReviewsController#index as HTML
  [1m[36mReview Load (109.3ms)[0m  [1m[34mSELECT "reviews".* FROM "reviews"[0m
  ↳ app/controllers/reviews_controller.rb:8:in `index'
Completed 200 OK in 120ms (Views: 10.1ms | ActiveRecord: 109.3ms | Allocations: 1143)


Started GET "/reviews" for ::1 at 2020-08-12 15:52:27 -0400
Processing by ReviewsController#index as HTML
  [1m[36mReview Load (1.1ms)[0m  [1m[34mSELECT "reviews".* FROM "reviews"[0m
  ↳ app/controllers/reviews_controller.rb:8:in `index'
Completed 200 OK in 19ms (Views: 15.9ms | ActiveRecord: 1.1ms | Allocations: 1142)


Started GET "/reviews" for ::1 at 2020-08-12 16:59:59 -0400
Processing by ReviewsController#index as HTML
  [1m[36mReview Load (2.8ms)[0m  [1m[34mSELECT "reviews".* FROM "reviews"[0m
  ↳ app/controllers/reviews_controller.rb:8:in `index'
Completed 200 OK in 22ms (Views: 15.4ms | ActiveRecord: 2.8ms | Allocations: 1235)


Started GET "/users" for ::1 at 2020-08-12 17:14:49 -0400
Processing by UsersController#index as HTML
  [1m[36mUser Load (2.1ms)[0m  [1m[34mSELECT "users".* FROM "users"[0m
  ↳ app/controllers/users_controller.rb:8:in `index'
Completed 200 OK in 13ms (Views: 9.1ms | ActiveRecord: 2.1ms | Allocations: 1129)


Started GET "/shops" for ::1 at 2020-08-12 17:29:24 -0400
Processing by ShopsController#index as HTML
  [1m[36mShop Load (3.4ms)[0m  [1m[34mSELECT "shops".* FROM "shops"[0m
  ↳ app/controllers/shops_controller.rb:8:in `index'
  [1m[36mUser Load (3.0ms)[0m  [1m[34mSELECT "users".* FROM "users" INNER JOIN "reviews" ON "users"."id" = "reviews"."user_id" WHERE "reviews"."shop_id" = $1[0m  [["shop_id", 1]]
  ↳ app/controllers/shops_controller.rb:8:in `index'
  [1m[36mUser Load (13.9ms)[0m  [1m[34mSELECT "users".* FROM "users" INNER JOIN "reviews" ON "users"."id" = "reviews"."user_id" WHERE "reviews"."shop_id" = $1[0m  [["shop_id", 2]]
  ↳ app/controllers/shops_controller.rb:8:in `index'
Completed 200 OK in 257ms (Views: 0.2ms | ActiveRecord: 20.6ms | Allocations: 21575)


Started GET "/users" for ::1 at 2020-08-12 17:30:11 -0400
Processing by UsersController#index as HTML
  [1m[36mUser Load (25.8ms)[0m  [1m[34mSELECT "users".* FROM "users"[0m
  ↳ app/controllers/users_controller.rb:8:in `index'
  [1m[36mShop Load (0.6ms)[0m  [1m[34mSELECT "shops".* FROM "shops" INNER JOIN "reviews" ON "shops"."id" = "reviews"."shop_id" WHERE "reviews"."user_id" = $1[0m  [["user_id", 1]]
  ↳ app/controllers/users_controller.rb:8:in `index'
  [1m[36mShop Load (0.8ms)[0m  [1m[34mSELECT "shops".* FROM "shops" INNER JOIN "reviews" ON "shops"."id" = "reviews"."shop_id" WHERE "reviews"."user_id" = $1[0m  [["user_id", 2]]
  ↳ app/controllers/users_controller.rb:8:in `index'
Completed 200 OK in 158ms (Views: 0.2ms | ActiveRecord: 112.5ms | Allocations: 16551)


Started GET "/reviews" for ::1 at 2020-08-12 17:31:14 -0400
Processing by ReviewsController#index as HTML
  [1m[36mReview Load (0.7ms)[0m  [1m[34mSELECT "reviews".* FROM "reviews"[0m
  ↳ app/controllers/reviews_controller.rb:8:in `index'
  [1m[36mShop Load (0.5ms)[0m  [1m[34mSELECT "shops".* FROM "shops" WHERE "shops"."id" = $1 LIMIT $2[0m  [["id", 1], ["LIMIT", 1]]
  ↳ app/controllers/reviews_controller.rb:8:in `index'
  [1m[36mUser Load (0.4ms)[0m  [1m[34mSELECT "users".* FROM "users" WHERE "users"."id" = $1 LIMIT $2[0m  [["id", 1], ["LIMIT", 1]]
  ↳ app/controllers/reviews_controller.rb:8:in `index'
  [1m[36mShop Load (19.0ms)[0m  [1m[34mSELECT "shops".* FROM "shops" WHERE "shops"."id" = $1 LIMIT $2[0m  [["id", 2], ["LIMIT", 1]]
  ↳ app/controllers/reviews_controller.rb:8:in `index'
  [1m[36mUser Load (1.0ms)[0m  [1m[34mSELECT "users".* FROM "users" WHERE "users"."id" = $1 LIMIT $2[0m  [["id", 2], ["LIMIT", 1]]
  ↳ app/controllers/reviews_controller.rb:8:in `index'
Completed 200 OK in 198ms (Views: 0.2ms | ActiveRecord: 103.8ms | Allocations: 23031)


Started GET "/reviews" for ::1 at 2020-08-12 17:45:57 -0400
  [1m[35m (24.3ms)[0m  [1m[34mSELECT "schema_migrations"."version" FROM "schema_migrations" ORDER BY "schema_migrations"."version" ASC[0m
Processing by ReviewsController#index as HTML
  [1m[36mReview Load (61.7ms)[0m  [1m[34mSELECT "reviews".* FROM "reviews"[0m
  ↳ app/controllers/reviews_controller.rb:8:in `index'
  [1m[36mShop Load (0.8ms)[0m  [1m[34mSELECT "shops".* FROM "shops" WHERE "shops"."id" = $1 LIMIT $2[0m  [["id", 1], ["LIMIT", 1]]
  ↳ app/controllers/reviews_controller.rb:8:in `index'
  [1m[36mUser Load (0.9ms)[0m  [1m[34mSELECT "users".* FROM "users" WHERE "users"."id" = $1 LIMIT $2[0m  [["id", 1], ["LIMIT", 1]]
  ↳ app/controllers/reviews_controller.rb:8:in `index'
  [1m[36mShop Load (0.6ms)[0m  [1m[34mSELECT "shops".* FROM "shops" WHERE "shops"."id" = $1 LIMIT $2[0m  [["id", 2], ["LIMIT", 1]]
  ↳ app/controllers/reviews_controller.rb:8:in `index'
  [1m[36mUser Load (0.5ms)[0m  [1m[34mSELECT "users".* FROM "users" WHERE "users"."id" = $1 LIMIT $2[0m  [["id", 2], ["LIMIT", 1]]
  ↳ app/controllers/reviews_controller.rb:8:in `index'
Completed 200 OK in 199ms (Views: 0.1ms | ActiveRecord: 101.7ms | Allocations: 26188)


Started GET "/reviews" for ::1 at 2020-08-12 17:45:59 -0400
Processing by ReviewsController#index as HTML
  [1m[36mReview Load (39.0ms)[0m  [1m[34mSELECT "reviews".* FROM "reviews"[0m
  ↳ app/controllers/reviews_controller.rb:8:in `index'
  [1m[36mShop Load (43.4ms)[0m  [1m[34mSELECT "shops".* FROM "shops" WHERE "shops"."id" = $1 LIMIT $2[0m  [["id", 1], ["LIMIT", 1]]
  ↳ app/controllers/reviews_controller.rb:8:in `index'
  [1m[36mUser Load (17.0ms)[0m  [1m[34mSELECT "users".* FROM "users" WHERE "users"."id" = $1 LIMIT $2[0m  [["id", 1], ["LIMIT", 1]]
  ↳ app/controllers/reviews_controller.rb:8:in `index'
  [1m[36mShop Load (29.4ms)[0m  [1m[34mSELECT "shops".* FROM "shops" WHERE "shops"."id" = $1 LIMIT $2[0m  [["id", 2], ["LIMIT", 1]]
  ↳ app/controllers/reviews_controller.rb:8:in `index'
  [1m[36mUser Load (9.3ms)[0m  [1m[34mSELECT "users".* FROM "users" WHERE "users"."id" = $1 LIMIT $2[0m  [["id", 2], ["LIMIT", 1]]
  ↳ app/controllers/reviews_controller.rb:8:in `index'
Completed 200 OK in 149ms (Views: 0.1ms | ActiveRecord: 138.1ms | Allocations: 4943)


Started GET "/reviews" for ::1 at 2020-08-12 17:48:45 -0400
Processing by ReviewsController#index as HTML
  [1m[36mReview Load (1.5ms)[0m  [1m[34mSELECT "reviews".* FROM "reviews"[0m
  ↳ app/controllers/reviews_controller.rb:8:in `index'
  [1m[36mShop Load (0.7ms)[0m  [1m[34mSELECT "shops".* FROM "shops" WHERE "shops"."id" = $1 LIMIT $2[0m  [["id", 1], ["LIMIT", 1]]
  ↳ app/controllers/reviews_controller.rb:8:in `index'
  [1m[36mUser Load (1.7ms)[0m  [1m[34mSELECT "users".* FROM "users" WHERE "users"."id" = $1 LIMIT $2[0m  [["id", 1], ["LIMIT", 1]]
  ↳ app/controllers/reviews_controller.rb:8:in `index'
  [1m[36mShop Load (0.6ms)[0m  [1m[34mSELECT "shops".* FROM "shops" WHERE "shops"."id" = $1 LIMIT $2[0m  [["id", 2], ["LIMIT", 1]]
  ↳ app/controllers/reviews_controller.rb:8:in `index'
  [1m[36mUser Load (2.8ms)[0m  [1m[34mSELECT "users".* FROM "users" WHERE "users"."id" = $1 LIMIT $2[0m  [["id", 2], ["LIMIT", 1]]
  ↳ app/controllers/reviews_controller.rb:8:in `index'
Completed 200 OK in 18ms (Views: 0.1ms | ActiveRecord: 7.2ms | Allocations: 4943)


Started GET "/reviews" for ::1 at 2020-08-12 17:49:01 -0400
Processing by ReviewsController#index as HTML
  [1m[36mReview Load (1.5ms)[0m  [1m[34mSELECT "reviews".* FROM "reviews"[0m
  ↳ app/controllers/reviews_controller.rb:8:in `index'
  [1m[36mShop Load (0.3ms)[0m  [1m[34mSELECT "shops".* FROM "shops" WHERE "shops"."id" = $1 LIMIT $2[0m  [["id", 1], ["LIMIT", 1]]
  ↳ app/controllers/reviews_controller.rb:8:in `index'
  [1m[36mUser Load (0.5ms)[0m  [1m[34mSELECT "users".* FROM "users" WHERE "users"."id" = $1 LIMIT $2[0m  [["id", 1], ["LIMIT", 1]]
  ↳ app/controllers/reviews_controller.rb:8:in `index'
  [1m[36mShop Load (0.4ms)[0m  [1m[34mSELECT "shops".* FROM "shops" WHERE "shops"."id" = $1 LIMIT $2[0m  [["id", 2], ["LIMIT", 1]]
  ↳ app/controllers/reviews_controller.rb:8:in `index'
  [1m[36mUser Load (1.8ms)[0m  [1m[34mSELECT "users".* FROM "users" WHERE "users"."id" = $1 LIMIT $2[0m  [["id", 2], ["LIMIT", 1]]
  ↳ app/controllers/reviews_controller.rb:8:in `index'
Completed 200 OK in 17ms (Views: 0.1ms | ActiveRecord: 4.5ms | Allocations: 4943)


Started GET "/reviews" for ::1 at 2020-08-12 17:49:40 -0400
Processing by ReviewsController#index as HTML
  [1m[36mReview Load (3.2ms)[0m  [1m[34mSELECT "reviews".* FROM "reviews"[0m
  ↳ app/controllers/reviews_controller.rb:8:in `index'
  [1m[36mShop Load (0.3ms)[0m  [1m[34mSELECT "shops".* FROM "shops" WHERE "shops"."id" = $1 LIMIT $2[0m  [["id", 1], ["LIMIT", 1]]
  ↳ app/controllers/reviews_controller.rb:8:in `index'
  [1m[36mUser Load (0.3ms)[0m  [1m[34mSELECT "users".* FROM "users" WHERE "users"."id" = $1 LIMIT $2[0m  [["id", 1], ["LIMIT", 1]]
  ↳ app/controllers/reviews_controller.rb:8:in `index'
  [1m[36mShop Load (0.4ms)[0m  [1m[34mSELECT "shops".* FROM "shops" WHERE "shops"."id" = $1 LIMIT $2[0m  [["id", 2], ["LIMIT", 1]]
  ↳ app/controllers/reviews_controller.rb:8:in `index'
  [1m[36mUser Load (5.9ms)[0m  [1m[34mSELECT "users".* FROM "users" WHERE "users"."id" = $1 LIMIT $2[0m  [["id", 2], ["LIMIT", 1]]
  ↳ app/controllers/reviews_controller.rb:8:in `index'
Completed 200 OK in 23ms (Views: 0.1ms | ActiveRecord: 10.1ms | Allocations: 4923)


Started GET "/reviews" for ::1 at 2020-08-12 17:52:10 -0400
Processing by ReviewsController#index as HTML
  [1m[36mReview Load (3.2ms)[0m  [1m[34mSELECT "reviews".* FROM "reviews"[0m
  ↳ app/controllers/reviews_controller.rb:8:in `index'
  [1m[36mShop Load (0.9ms)[0m  [1m[34mSELECT "shops".* FROM "shops" WHERE "shops"."id" = $1 LIMIT $2[0m  [["id", 1], ["LIMIT", 1]]
  ↳ app/controllers/reviews_controller.rb:8:in `index'
  [1m[36mUser Load (1.0ms)[0m  [1m[34mSELECT "users".* FROM "users" WHERE "users"."id" = $1 LIMIT $2[0m  [["id", 1], ["LIMIT", 1]]
  ↳ app/controllers/reviews_controller.rb:8:in `index'
  [1m[36mShop Load (0.4ms)[0m  [1m[34mSELECT "shops".* FROM "shops" WHERE "shops"."id" = $1 LIMIT $2[0m  [["id", 2], ["LIMIT", 1]]
  ↳ app/controllers/reviews_controller.rb:8:in `index'
  [1m[36mUser Load (1.5ms)[0m  [1m[34mSELECT "users".* FROM "users" WHERE "users"."id" = $1 LIMIT $2[0m  [["id", 2], ["LIMIT", 1]]
  ↳ app/controllers/reviews_controller.rb:8:in `index'
Completed 200 OK in 19ms (Views: 0.2ms | ActiveRecord: 7.0ms | Allocations: 4943)


Started GET "/reviews" for ::1 at 2020-08-12 17:53:36 -0400
Processing by ReviewsController#index as HTML
  [1m[36mReview Load (5.9ms)[0m  [1m[34mSELECT "reviews".* FROM "reviews"[0m
  ↳ app/controllers/reviews_controller.rb:8:in `index'
  [1m[36mShop Load (1.4ms)[0m  [1m[34mSELECT "shops".* FROM "shops" WHERE "shops"."id" = $1 LIMIT $2[0m  [["id", 1], ["LIMIT", 1]]
  ↳ app/controllers/reviews_controller.rb:8:in `index'
  [1m[36mUser Load (0.5ms)[0m  [1m[34mSELECT "users".* FROM "users" WHERE "users"."id" = $1 LIMIT $2[0m  [["id", 1], ["LIMIT", 1]]
  ↳ app/controllers/reviews_controller.rb:8:in `index'
  [1m[36mShop Load (0.3ms)[0m  [1m[34mSELECT "shops".* FROM "shops" WHERE "shops"."id" = $1 LIMIT $2[0m  [["id", 2], ["LIMIT", 1]]
  ↳ app/controllers/reviews_controller.rb:8:in `index'
  [1m[36mUser Load (1.5ms)[0m  [1m[34mSELECT "users".* FROM "users" WHERE "users"."id" = $1 LIMIT $2[0m  [["id", 2], ["LIMIT", 1]]
  ↳ app/controllers/reviews_controller.rb:8:in `index'
Completed 200 OK in 23ms (Views: 0.1ms | ActiveRecord: 9.6ms | Allocations: 4923)


Started GET "/reviews" for ::1 at 2020-08-12 18:09:55 -0400
Processing by ReviewsController#index as HTML
  [1m[36mReview Load (1.7ms)[0m  [1m[34mSELECT "reviews".* FROM "reviews"[0m
  ↳ app/controllers/reviews_controller.rb:8:in `index'
  [1m[36mShop Load (1.1ms)[0m  [1m[34mSELECT "shops".* FROM "shops" WHERE "shops"."id" = $1 LIMIT $2[0m  [["id", 1], ["LIMIT", 1]]
  ↳ app/controllers/reviews_controller.rb:8:in `index'
  [1m[36mUser Load (1.7ms)[0m  [1m[34mSELECT "users".* FROM "users" WHERE "users"."id" = $1 LIMIT $2[0m  [["id", 1], ["LIMIT", 1]]
  ↳ app/controllers/reviews_controller.rb:8:in `index'
  [1m[36mShop Load (0.7ms)[0m  [1m[34mSELECT "shops".* FROM "shops" WHERE "shops"."id" = $1 LIMIT $2[0m  [["id", 2], ["LIMIT", 1]]
  ↳ app/controllers/reviews_controller.rb:8:in `index'
  [1m[36mUser Load (7.9ms)[0m  [1m[34mSELECT "users".* FROM "users" WHERE "users"."id" = $1 LIMIT $2[0m  [["id", 2], ["LIMIT", 1]]
  ↳ app/controllers/reviews_controller.rb:8:in `index'
Completed 200 OK in 63ms (Views: 1.2ms | ActiveRecord: 13.9ms | Allocations: 5047)


Started GET "/reviews" for ::1 at 2020-08-12 18:10:12 -0400
Processing by ReviewsController#index as HTML
  [1m[36mReview Load (0.5ms)[0m  [1m[34mSELECT "reviews".* FROM "reviews"[0m
  ↳ app/controllers/reviews_controller.rb:8:in `index'
  [1m[36mShop Load (1.0ms)[0m  [1m[34mSELECT "shops".* FROM "shops" WHERE "shops"."id" = $1 LIMIT $2[0m  [["id", 1], ["LIMIT", 1]]
  ↳ app/controllers/reviews_controller.rb:8:in `index'
  [1m[36mUser Load (1.4ms)[0m  [1m[34mSELECT "users".* FROM "users" WHERE "users"."id" = $1 LIMIT $2[0m  [["id", 1], ["LIMIT", 1]]
  ↳ app/controllers/reviews_controller.rb:8:in `index'
  [1m[36mShop Load (0.6ms)[0m  [1m[34mSELECT "shops".* FROM "shops" WHERE "shops"."id" = $1 LIMIT $2[0m  [["id", 2], ["LIMIT", 1]]
  ↳ app/controllers/reviews_controller.rb:8:in `index'
  [1m[36mUser Load (1.2ms)[0m  [1m[34mSELECT "users".* FROM "users" WHERE "users"."id" = $1 LIMIT $2[0m  [["id", 2], ["LIMIT", 1]]
  ↳ app/controllers/reviews_controller.rb:8:in `index'
Completed 200 OK in 20ms (Views: 0.1ms | ActiveRecord: 4.7ms | Allocations: 4923)


Started GET "/reviews" for ::1 at 2020-08-12 18:10:29 -0400
Processing by ReviewsController#index as HTML
  [1m[36mReview Load (0.8ms)[0m  [1m[34mSELECT "reviews".* FROM "reviews"[0m
  ↳ app/controllers/reviews_controller.rb:8:in `index'
  [1m[36mShop Load (0.5ms)[0m  [1m[34mSELECT "shops".* FROM "shops" WHERE "shops"."id" = $1 LIMIT $2[0m  [["id", 1], ["LIMIT", 1]]
  ↳ app/controllers/reviews_controller.rb:8:in `index'
  [1m[36mUser Load (0.5ms)[0m  [1m[34mSELECT "users".* FROM "users" WHERE "users"."id" = $1 LIMIT $2[0m  [["id", 1], ["LIMIT", 1]]
  ↳ app/controllers/reviews_controller.rb:8:in `index'
  [1m[36mShop Load (0.5ms)[0m  [1m[34mSELECT "shops".* FROM "shops" WHERE "shops"."id" = $1 LIMIT $2[0m  [["id", 2], ["LIMIT", 1]]
  ↳ app/controllers/reviews_controller.rb:8:in `index'
  [1m[36mUser Load (0.5ms)[0m  [1m[34mSELECT "users".* FROM "users" WHERE "users"."id" = $1 LIMIT $2[0m  [["id", 2], ["LIMIT", 1]]
  ↳ app/controllers/reviews_controller.rb:8:in `index'
Completed 200 OK in 15ms (Views: 0.1ms | ActiveRecord: 2.8ms | Allocations: 4927)


Started GET "/reviews" for ::1 at 2020-08-12 18:10:53 -0400
Processing by ReviewsController#index as HTML
  [1m[36mReview Load (0.5ms)[0m  [1m[34mSELECT "reviews".* FROM "reviews"[0m
  ↳ app/controllers/reviews_controller.rb:8:in `index'
  [1m[36mShop Load (0.5ms)[0m  [1m[34mSELECT "shops".* FROM "shops" WHERE "shops"."id" = $1 LIMIT $2[0m  [["id", 1], ["LIMIT", 1]]
  ↳ app/controllers/reviews_controller.rb:8:in `index'
  [1m[36mUser Load (2.1ms)[0m  [1m[34mSELECT "users".* FROM "users" WHERE "users"."id" = $1 LIMIT $2[0m  [["id", 1], ["LIMIT", 1]]
  ↳ app/controllers/reviews_controller.rb:8:in `index'
  [1m[36mShop Load (1.0ms)[0m  [1m[34mSELECT "shops".* FROM "shops" WHERE "shops"."id" = $1 LIMIT $2[0m  [["id", 2], ["LIMIT", 1]]
  ↳ app/controllers/reviews_controller.rb:8:in `index'
  [1m[36mUser Load (0.8ms)[0m  [1m[34mSELECT "users".* FROM "users" WHERE "users"."id" = $1 LIMIT $2[0m  [["id", 2], ["LIMIT", 1]]
  ↳ app/controllers/reviews_controller.rb:8:in `index'
Completed 200 OK in 16ms (Views: 0.1ms | ActiveRecord: 4.9ms | Allocations: 4923)


Started GET "/reviews" for ::1 at 2020-08-12 18:11:03 -0400
Processing by ReviewsController#index as HTML
  [1m[36mReview Load (2.2ms)[0m  [1m[34mSELECT "reviews".* FROM "reviews"[0m
  ↳ app/controllers/reviews_controller.rb:8:in `index'
  [1m[36mShop Load (3.6ms)[0m  [1m[34mSELECT "shops".* FROM "shops" WHERE "shops"."id" = $1 LIMIT $2[0m  [["id", 1], ["LIMIT", 1]]
  ↳ app/controllers/reviews_controller.rb:8:in `index'
  [1m[36mUser Load (0.8ms)[0m  [1m[34mSELECT "users".* FROM "users" WHERE "users"."id" = $1 LIMIT $2[0m  [["id", 1], ["LIMIT", 1]]
  ↳ app/controllers/reviews_controller.rb:8:in `index'
  [1m[36mShop Load (0.7ms)[0m  [1m[34mSELECT "shops".* FROM "shops" WHERE "shops"."id" = $1 LIMIT $2[0m  [["id", 2], ["LIMIT", 1]]
  ↳ app/controllers/reviews_controller.rb:8:in `index'
  [1m[36mUser Load (0.3ms)[0m  [1m[34mSELECT "users".* FROM "users" WHERE "users"."id" = $1 LIMIT $2[0m  [["id", 2], ["LIMIT", 1]]
  ↳ app/controllers/reviews_controller.rb:8:in `index'
Completed 200 OK in 19ms (Views: 0.1ms | ActiveRecord: 7.7ms | Allocations: 4923)


Started GET "/reviews" for ::1 at 2020-08-12 18:11:50 -0400
Processing by ReviewsController#index as HTML
  [1m[36mReview Load (2.4ms)[0m  [1m[34mSELECT "reviews".* FROM "reviews"[0m
  ↳ app/controllers/reviews_controller.rb:8:in `index'
  [1m[36mShop Load (1.3ms)[0m  [1m[34mSELECT "shops".* FROM "shops" WHERE "shops"."id" = $1 LIMIT $2[0m  [["id", 1], ["LIMIT", 1]]
  ↳ app/controllers/reviews_controller.rb:8:in `index'
  [1m[36mUser Load (25.6ms)[0m  [1m[34mSELECT "users".* FROM "users" WHERE "users"."id" = $1 LIMIT $2[0m  [["id", 1], ["LIMIT", 1]]
  ↳ app/controllers/reviews_controller.rb:8:in `index'
  [1m[36mShop Load (0.8ms)[0m  [1m[34mSELECT "shops".* FROM "shops" WHERE "shops"."id" = $1 LIMIT $2[0m  [["id", 2], ["LIMIT", 1]]
  ↳ app/controllers/reviews_controller.rb:8:in `index'
  [1m[36mUser Load (1.5ms)[0m  [1m[34mSELECT "users".* FROM "users" WHERE "users"."id" = $1 LIMIT $2[0m  [["id", 2], ["LIMIT", 1]]
  ↳ app/controllers/reviews_controller.rb:8:in `index'
Completed 200 OK in 44ms (Views: 0.3ms | ActiveRecord: 31.6ms | Allocations: 4923)


Started GET "/reviews" for ::1 at 2020-08-12 18:12:41 -0400
Processing by ReviewsController#index as HTML
  [1m[36mReview Load (2.9ms)[0m  [1m[34mSELECT "reviews".* FROM "reviews"[0m
  ↳ app/controllers/reviews_controller.rb:8:in `index'
  [1m[36mShop Load (11.0ms)[0m  [1m[34mSELECT "shops".* FROM "shops" WHERE "shops"."id" = $1 LIMIT $2[0m  [["id", 1], ["LIMIT", 1]]
  ↳ app/controllers/reviews_controller.rb:8:in `index'
  [1m[36mUser Load (1.4ms)[0m  [1m[34mSELECT "users".* FROM "users" WHERE "users"."id" = $1 LIMIT $2[0m  [["id", 1], ["LIMIT", 1]]
  ↳ app/controllers/reviews_controller.rb:8:in `index'
  [1m[36mShop Load (0.9ms)[0m  [1m[34mSELECT "shops".* FROM "shops" WHERE "shops"."id" = $1 LIMIT $2[0m  [["id", 2], ["LIMIT", 1]]
  ↳ app/controllers/reviews_controller.rb:8:in `index'
  [1m[36mUser Load (1.0ms)[0m  [1m[34mSELECT "users".* FROM "users" WHERE "users"."id" = $1 LIMIT $2[0m  [["id", 2], ["LIMIT", 1]]
  ↳ app/controllers/reviews_controller.rb:8:in `index'
Completed 200 OK in 30ms (Views: 0.1ms | ActiveRecord: 17.2ms | Allocations: 4923)


Started GET "/reviews" for ::1 at 2020-08-12 18:18:37 -0400
Processing by ReviewsController#index as HTML
  [1m[36mReview Load (2.4ms)[0m  [1m[34mSELECT "reviews".* FROM "reviews"[0m
  ↳ app/controllers/reviews_controller.rb:8:in `index'
  [1m[36mShop Load (1.1ms)[0m  [1m[34mSELECT "shops".* FROM "shops" WHERE "shops"."id" = $1 LIMIT $2[0m  [["id", 1], ["LIMIT", 1]]
  ↳ app/controllers/reviews_controller.rb:8:in `index'
  [1m[36mUser Load (0.8ms)[0m  [1m[34mSELECT "users".* FROM "users" WHERE "users"."id" = $1 LIMIT $2[0m  [["id", 1], ["LIMIT", 1]]
  ↳ app/controllers/reviews_controller.rb:8:in `index'
  [1m[36mShop Load (0.6ms)[0m  [1m[34mSELECT "shops".* FROM "shops" WHERE "shops"."id" = $1 LIMIT $2[0m  [["id", 2], ["LIMIT", 1]]
  ↳ app/controllers/reviews_controller.rb:8:in `index'
  [1m[36mUser Load (0.4ms)[0m  [1m[34mSELECT "users".* FROM "users" WHERE "users"."id" = $1 LIMIT $2[0m  [["id", 2], ["LIMIT", 1]]
  ↳ app/controllers/reviews_controller.rb:8:in `index'
Completed 200 OK in 31ms (Views: 0.5ms | ActiveRecord: 5.9ms | Allocations: 5048)


Started GET "/reviews" for ::1 at 2020-08-12 18:20:03 -0400
Processing by ReviewsController#index as HTML
  [1m[36mReview Load (0.5ms)[0m  [1m[34mSELECT "reviews".* FROM "reviews"[0m
  ↳ app/controllers/reviews_controller.rb:8:in `index'
  [1m[36mShop Load (15.2ms)[0m  [1m[34mSELECT "shops".* FROM "shops" WHERE "shops"."id" = $1 LIMIT $2[0m  [["id", 1], ["LIMIT", 1]]
  ↳ app/controllers/reviews_controller.rb:8:in `index'
  [1m[36mUser Load (1.6ms)[0m  [1m[34mSELECT "users".* FROM "users" WHERE "users"."id" = $1 LIMIT $2[0m  [["id", 1], ["LIMIT", 1]]
  ↳ app/controllers/reviews_controller.rb:8:in `index'
  [1m[36mShop Load (4.2ms)[0m  [1m[34mSELECT "shops".* FROM "shops" WHERE "shops"."id" = $1 LIMIT $2[0m  [["id", 2], ["LIMIT", 1]]
  ↳ app/controllers/reviews_controller.rb:8:in `index'
  [1m[36mUser Load (3.1ms)[0m  [1m[34mSELECT "users".* FROM "users" WHERE "users"."id" = $1 LIMIT $2[0m  [["id", 2], ["LIMIT", 1]]
  ↳ app/controllers/reviews_controller.rb:8:in `index'
Completed 200 OK in 39ms (Views: 0.2ms | ActiveRecord: 24.5ms | Allocations: 4923)


Started GET "/reviews" for ::1 at 2020-08-12 18:20:26 -0400
Processing by ReviewsController#index as HTML
  [1m[36mReview Load (4.4ms)[0m  [1m[34mSELECT "reviews".* FROM "reviews"[0m
  ↳ app/controllers/reviews_controller.rb:8:in `index'
  [1m[36mShop Load (30.5ms)[0m  [1m[34mSELECT "shops".* FROM "shops" WHERE "shops"."id" = $1 LIMIT $2[0m  [["id", 1], ["LIMIT", 1]]
  ↳ app/controllers/reviews_controller.rb:8:in `index'
  [1m[36mUser Load (1.7ms)[0m  [1m[34mSELECT "users".* FROM "users" WHERE "users"."id" = $1 LIMIT $2[0m  [["id", 1], ["LIMIT", 1]]
  ↳ app/controllers/reviews_controller.rb:8:in `index'
  [1m[36mShop Load (3.7ms)[0m  [1m[34mSELECT "shops".* FROM "shops" WHERE "shops"."id" = $1 LIMIT $2[0m  [["id", 2], ["LIMIT", 1]]
  ↳ app/controllers/reviews_controller.rb:8:in `index'
  [1m[36mUser Load (1.4ms)[0m  [1m[34mSELECT "users".* FROM "users" WHERE "users"."id" = $1 LIMIT $2[0m  [["id", 2], ["LIMIT", 1]]
  ↳ app/controllers/reviews_controller.rb:8:in `index'
Completed 200 OK in 59ms (Views: 0.1ms | ActiveRecord: 41.6ms | Allocations: 4923)


Started GET "/reviews" for ::1 at 2020-08-12 18:21:08 -0400
Processing by ReviewsController#index as HTML
  [1m[36mReview Load (12.2ms)[0m  [1m[34mSELECT "reviews".* FROM "reviews"[0m
  ↳ app/controllers/reviews_controller.rb:8:in `index'
  [1m[36mShop Load (1.3ms)[0m  [1m[34mSELECT "shops".* FROM "shops" WHERE "shops"."id" = $1 LIMIT $2[0m  [["id", 1], ["LIMIT", 1]]
  ↳ app/controllers/reviews_controller.rb:8:in `index'
  [1m[36mUser Load (0.4ms)[0m  [1m[34mSELECT "users".* FROM "users" WHERE "users"."id" = $1 LIMIT $2[0m  [["id", 1], ["LIMIT", 1]]
  ↳ app/controllers/reviews_controller.rb:8:in `index'
  [1m[36mShop Load (0.5ms)[0m  [1m[34mSELECT "shops".* FROM "shops" WHERE "shops"."id" = $1 LIMIT $2[0m  [["id", 2], ["LIMIT", 1]]
  ↳ app/controllers/reviews_controller.rb:8:in `index'
  [1m[36mUser Load (15.4ms)[0m  [1m[34mSELECT "users".* FROM "users" WHERE "users"."id" = $1 LIMIT $2[0m  [["id", 2], ["LIMIT", 1]]
  ↳ app/controllers/reviews_controller.rb:8:in `index'
Completed 200 OK in 45ms (Views: 0.2ms | ActiveRecord: 29.7ms | Allocations: 4923)


Started GET "/reviews" for ::1 at 2020-08-12 18:29:32 -0400
Processing by ReviewsController#index as HTML
  [1m[36mReview Load (48.7ms)[0m  [1m[34mSELECT "reviews".* FROM "reviews"[0m
  ↳ app/controllers/reviews_controller.rb:8:in `index'
  [1m[36mShop Load (4.0ms)[0m  [1m[34mSELECT "shops".* FROM "shops" WHERE "shops"."id" = $1 LIMIT $2[0m  [["id", 1], ["LIMIT", 1]]
  ↳ app/controllers/reviews_controller.rb:8:in `index'
  [1m[36mUser Load (0.8ms)[0m  [1m[34mSELECT "users".* FROM "users" WHERE "users"."id" = $1 LIMIT $2[0m  [["id", 1], ["LIMIT", 1]]
  ↳ app/controllers/reviews_controller.rb:8:in `index'
  [1m[36mShop Load (0.5ms)[0m  [1m[34mSELECT "shops".* FROM "shops" WHERE "shops"."id" = $1 LIMIT $2[0m  [["id", 2], ["LIMIT", 1]]
  ↳ app/controllers/reviews_controller.rb:8:in `index'
  [1m[36mUser Load (0.6ms)[0m  [1m[34mSELECT "users".* FROM "users" WHERE "users"."id" = $1 LIMIT $2[0m  [["id", 2], ["LIMIT", 1]]
  ↳ app/controllers/reviews_controller.rb:8:in `index'
Completed 200 OK in 133ms (Views: 1.3ms | ActiveRecord: 89.9ms | Allocations: 5048)


Started GET "/reviews" for ::1 at 2020-08-12 18:29:47 -0400
Processing by ReviewsController#index as HTML
  [1m[36mReview Load (3.5ms)[0m  [1m[34mSELECT "reviews".* FROM "reviews"[0m
  ↳ app/controllers/reviews_controller.rb:8:in `index'
  [1m[36mShop Load (2.0ms)[0m  [1m[34mSELECT "shops".* FROM "shops" WHERE "shops"."id" = $1 LIMIT $2[0m  [["id", 1], ["LIMIT", 1]]
  ↳ app/controllers/reviews_controller.rb:8:in `index'
  [1m[36mUser Load (0.5ms)[0m  [1m[34mSELECT "users".* FROM "users" WHERE "users"."id" = $1 LIMIT $2[0m  [["id", 1], ["LIMIT", 1]]
  ↳ app/controllers/reviews_controller.rb:8:in `index'
  [1m[36mShop Load (1.1ms)[0m  [1m[34mSELECT "shops".* FROM "shops" WHERE "shops"."id" = $1 LIMIT $2[0m  [["id", 2], ["LIMIT", 1]]
  ↳ app/controllers/reviews_controller.rb:8:in `index'
  [1m[36mUser Load (0.6ms)[0m  [1m[34mSELECT "users".* FROM "users" WHERE "users"."id" = $1 LIMIT $2[0m  [["id", 2], ["LIMIT", 1]]
  ↳ app/controllers/reviews_controller.rb:8:in `index'
Completed 200 OK in 19ms (Views: 0.1ms | ActiveRecord: 7.7ms | Allocations: 4923)


Started GET "/reviews" for ::1 at 2020-08-12 18:35:53 -0400
Processing by ReviewsController#index as HTML
  [1m[36mReview Load (16.2ms)[0m  [1m[34mSELECT "reviews".* FROM "reviews"[0m
  ↳ app/controllers/reviews_controller.rb:8:in `index'
  [1m[36mShop Load (1.4ms)[0m  [1m[34mSELECT "shops".* FROM "shops" WHERE "shops"."id" = $1 LIMIT $2[0m  [["id", 1], ["LIMIT", 1]]
  ↳ app/controllers/reviews_controller.rb:8:in `index'
  [1m[36mUser Load (3.3ms)[0m  [1m[34mSELECT "users".* FROM "users" WHERE "users"."id" = $1 LIMIT $2[0m  [["id", 1], ["LIMIT", 1]]
  ↳ app/controllers/reviews_controller.rb:8:in `index'
  [1m[36mShop Load (0.8ms)[0m  [1m[34mSELECT "shops".* FROM "shops" WHERE "shops"."id" = $1 LIMIT $2[0m  [["id", 2], ["LIMIT", 1]]
  ↳ app/controllers/reviews_controller.rb:8:in `index'
  [1m[36mUser Load (25.3ms)[0m  [1m[34mSELECT "users".* FROM "users" WHERE "users"."id" = $1 LIMIT $2[0m  [["id", 2], ["LIMIT", 1]]
  ↳ app/controllers/reviews_controller.rb:8:in `index'
Completed 200 OK in 118ms (Views: 0.7ms | ActiveRecord: 75.3ms | Allocations: 5047)


Started GET "/reviews" for ::1 at 2020-08-12 18:39:20 -0400
Processing by ReviewsController#index as HTML
  [1m[36mReview Load (0.7ms)[0m  [1m[34mSELECT "reviews".* FROM "reviews"[0m
  ↳ app/controllers/reviews_controller.rb:8:in `index'
  [1m[36mShop Load (0.8ms)[0m  [1m[34mSELECT "shops".* FROM "shops" WHERE "shops"."id" = $1 LIMIT $2[0m  [["id", 1], ["LIMIT", 1]]
  ↳ app/controllers/reviews_controller.rb:8:in `index'
  [1m[36mUser Load (0.5ms)[0m  [1m[34mSELECT "users".* FROM "users" WHERE "users"."id" = $1 LIMIT $2[0m  [["id", 1], ["LIMIT", 1]]
  ↳ app/controllers/reviews_controller.rb:8:in `index'
  [1m[36mShop Load (3.8ms)[0m  [1m[34mSELECT "shops".* FROM "shops" WHERE "shops"."id" = $1 LIMIT $2[0m  [["id", 2], ["LIMIT", 1]]
  ↳ app/controllers/reviews_controller.rb:8:in `index'
  [1m[36mUser Load (1.0ms)[0m  [1m[34mSELECT "users".* FROM "users" WHERE "users"."id" = $1 LIMIT $2[0m  [["id", 2], ["LIMIT", 1]]
  ↳ app/controllers/reviews_controller.rb:8:in `index'
Completed 200 OK in 21ms (Views: 0.2ms | ActiveRecord: 6.8ms | Allocations: 4923)


Started GET "/reviews" for ::1 at 2020-08-12 18:41:39 -0400
Processing by ReviewsController#index as HTML
  [1m[36mReview Load (3.0ms)[0m  [1m[34mSELECT "reviews".* FROM "reviews"[0m
  ↳ app/controllers/reviews_controller.rb:8:in `index'
  [1m[36mShop Load (2.0ms)[0m  [1m[34mSELECT "shops".* FROM "shops" WHERE "shops"."id" = $1 LIMIT $2[0m  [["id", 1], ["LIMIT", 1]]
  ↳ app/controllers/reviews_controller.rb:8:in `index'
  [1m[36mUser Load (3.3ms)[0m  [1m[34mSELECT "users".* FROM "users" WHERE "users"."id" = $1 LIMIT $2[0m  [["id", 1], ["LIMIT", 1]]
  ↳ app/controllers/reviews_controller.rb:8:in `index'
  [1m[36mShop Load (4.9ms)[0m  [1m[34mSELECT "shops".* FROM "shops" WHERE "shops"."id" = $1 LIMIT $2[0m  [["id", 2], ["LIMIT", 1]]
  ↳ app/controllers/reviews_controller.rb:8:in `index'
  [1m[36mUser Load (5.0ms)[0m  [1m[34mSELECT "users".* FROM "users" WHERE "users"."id" = $1 LIMIT $2[0m  [["id", 2], ["LIMIT", 1]]
  ↳ app/controllers/reviews_controller.rb:8:in `index'
Completed 200 OK in 52ms (Views: 0.9ms | ActiveRecord: 18.2ms | Allocations: 4923)


Started GET "/reviews" for ::1 at 2020-08-12 18:41:59 -0400
Processing by ReviewsController#index as HTML
  [1m[36mReview Load (4.5ms)[0m  [1m[34mSELECT "reviews".* FROM "reviews"[0m
  ↳ app/controllers/reviews_controller.rb:8:in `index'
  [1m[36mShop Load (2.9ms)[0m  [1m[34mSELECT "shops".* FROM "shops" WHERE "shops"."id" = $1 LIMIT $2[0m  [["id", 1], ["LIMIT", 1]]
  ↳ app/controllers/reviews_controller.rb:8:in `index'
  [1m[36mUser Load (0.3ms)[0m  [1m[34mSELECT "users".* FROM "users" WHERE "users"."id" = $1 LIMIT $2[0m  [["id", 1], ["LIMIT", 1]]
  ↳ app/controllers/reviews_controller.rb:8:in `index'
  [1m[36mShop Load (0.4ms)[0m  [1m[34mSELECT "shops".* FROM "shops" WHERE "shops"."id" = $1 LIMIT $2[0m  [["id", 2], ["LIMIT", 1]]
  ↳ app/controllers/reviews_controller.rb:8:in `index'
  [1m[36mUser Load (8.9ms)[0m  [1m[34mSELECT "users".* FROM "users" WHERE "users"."id" = $1 LIMIT $2[0m  [["id", 2], ["LIMIT", 1]]
  ↳ app/controllers/reviews_controller.rb:8:in `index'
Completed 200 OK in 30ms (Views: 0.2ms | ActiveRecord: 17.0ms | Allocations: 4923)


Started GET "/reviews" for ::1 at 2020-08-12 18:44:02 -0400
Processing by ReviewsController#index as HTML
  [1m[36mReview Load (5.5ms)[0m  [1m[34mSELECT "reviews".* FROM "reviews"[0m
  ↳ app/controllers/reviews_controller.rb:8:in `index'
  [1m[36mShop Load (3.9ms)[0m  [1m[34mSELECT "shops".* FROM "shops" WHERE "shops"."id" = $1 LIMIT $2[0m  [["id", 1], ["LIMIT", 1]]
  ↳ app/controllers/reviews_controller.rb:8:in `index'
  [1m[36mUser Load (0.4ms)[0m  [1m[34mSELECT "users".* FROM "users" WHERE "users"."id" = $1 LIMIT $2[0m  [["id", 1], ["LIMIT", 1]]
  ↳ app/controllers/reviews_controller.rb:8:in `index'
  [1m[36mShop Load (3.6ms)[0m  [1m[34mSELECT "shops".* FROM "shops" WHERE "shops"."id" = $1 LIMIT $2[0m  [["id", 2], ["LIMIT", 1]]
  ↳ app/controllers/reviews_controller.rb:8:in `index'
  [1m[36mUser Load (0.4ms)[0m  [1m[34mSELECT "users".* FROM "users" WHERE "users"."id" = $1 LIMIT $2[0m  [["id", 2], ["LIMIT", 1]]
  ↳ app/controllers/reviews_controller.rb:8:in `index'
Completed 200 OK in 28ms (Views: 0.1ms | ActiveRecord: 13.8ms | Allocations: 4923)


Started GET "/reviews" for ::1 at 2020-08-12 18:44:11 -0400
Processing by ReviewsController#index as HTML
  [1m[36mReview Load (0.5ms)[0m  [1m[34mSELECT "reviews".* FROM "reviews"[0m
  ↳ app/controllers/reviews_controller.rb:8:in `index'
  [1m[36mShop Load (0.3ms)[0m  [1m[34mSELECT "shops".* FROM "shops" WHERE "shops"."id" = $1 LIMIT $2[0m  [["id", 1], ["LIMIT", 1]]
  ↳ app/controllers/reviews_controller.rb:8:in `index'
  [1m[36mUser Load (0.4ms)[0m  [1m[34mSELECT "users".* FROM "users" WHERE "users"."id" = $1 LIMIT $2[0m  [["id", 1], ["LIMIT", 1]]
  ↳ app/controllers/reviews_controller.rb:8:in `index'
  [1m[36mShop Load (0.3ms)[0m  [1m[34mSELECT "shops".* FROM "shops" WHERE "shops"."id" = $1 LIMIT $2[0m  [["id", 2], ["LIMIT", 1]]
  ↳ app/controllers/reviews_controller.rb:8:in `index'
  [1m[36mUser Load (0.5ms)[0m  [1m[34mSELECT "users".* FROM "users" WHERE "users"."id" = $1 LIMIT $2[0m  [["id", 2], ["LIMIT", 1]]
  ↳ app/controllers/reviews_controller.rb:8:in `index'
Completed 200 OK in 14ms (Views: 0.2ms | ActiveRecord: 2.1ms | Allocations: 4923)


Started GET "/reviews" for ::1 at 2020-08-12 18:44:17 -0400
Processing by ReviewsController#index as HTML
  [1m[36mReview Load (5.5ms)[0m  [1m[34mSELECT "reviews".* FROM "reviews"[0m
  ↳ app/controllers/reviews_controller.rb:8:in `index'
  [1m[36mShop Load (27.9ms)[0m  [1m[34mSELECT "shops".* FROM "shops" WHERE "shops"."id" = $1 LIMIT $2[0m  [["id", 1], ["LIMIT", 1]]
  ↳ app/controllers/reviews_controller.rb:8:in `index'
  [1m[36mUser Load (1.3ms)[0m  [1m[34mSELECT "users".* FROM "users" WHERE "users"."id" = $1 LIMIT $2[0m  [["id", 1], ["LIMIT", 1]]
  ↳ app/controllers/reviews_controller.rb:8:in `index'
  [1m[36mShop Load (0.5ms)[0m  [1m[34mSELECT "shops".* FROM "shops" WHERE "shops"."id" = $1 LIMIT $2[0m  [["id", 2], ["LIMIT", 1]]
  ↳ app/controllers/reviews_controller.rb:8:in `index'
  [1m[36mUser Load (1.3ms)[0m  [1m[34mSELECT "users".* FROM "users" WHERE "users"."id" = $1 LIMIT $2[0m  [["id", 2], ["LIMIT", 1]]
  ↳ app/controllers/reviews_controller.rb:8:in `index'
Completed 200 OK in 95ms (Views: 0.1ms | ActiveRecord: 36.5ms | Allocations: 4927)


Started GET "/reviews" for ::1 at 2020-08-12 18:45:31 -0400
Processing by ReviewsController#index as HTML
  [1m[36mReview Load (0.6ms)[0m  [1m[34mSELECT "reviews".* FROM "reviews"[0m
  ↳ app/controllers/reviews_controller.rb:8:in `index'
  [1m[36mShop Load (13.5ms)[0m  [1m[34mSELECT "shops".* FROM "shops" WHERE "shops"."id" = $1 LIMIT $2[0m  [["id", 1], ["LIMIT", 1]]
  ↳ app/controllers/reviews_controller.rb:8:in `index'
  [1m[36mUser Load (3.5ms)[0m  [1m[34mSELECT "users".* FROM "users" WHERE "users"."id" = $1 LIMIT $2[0m  [["id", 1], ["LIMIT", 1]]
  ↳ app/controllers/reviews_controller.rb:8:in `index'
  [1m[36mShop Load (0.4ms)[0m  [1m[34mSELECT "shops".* FROM "shops" WHERE "shops"."id" = $1 LIMIT $2[0m  [["id", 2], ["LIMIT", 1]]
  ↳ app/controllers/reviews_controller.rb:8:in `index'
  [1m[36mUser Load (0.3ms)[0m  [1m[34mSELECT "users".* FROM "users" WHERE "users"."id" = $1 LIMIT $2[0m  [["id", 2], ["LIMIT", 1]]
  ↳ app/controllers/reviews_controller.rb:8:in `index'
Completed 200 OK in 29ms (Views: 0.1ms | ActiveRecord: 18.4ms | Allocations: 4923)


Started GET "/reviews" for ::1 at 2020-08-12 18:45:36 -0400
Processing by ReviewsController#index as HTML
  [1m[36mReview Load (0.6ms)[0m  [1m[34mSELECT "reviews".* FROM "reviews"[0m
  ↳ app/controllers/reviews_controller.rb:8:in `index'
  [1m[36mShop Load (1.5ms)[0m  [1m[34mSELECT "shops".* FROM "shops" WHERE "shops"."id" = $1 LIMIT $2[0m  [["id", 1], ["LIMIT", 1]]
  ↳ app/controllers/reviews_controller.rb:8:in `index'
  [1m[36mUser Load (0.6ms)[0m  [1m[34mSELECT "users".* FROM "users" WHERE "users"."id" = $1 LIMIT $2[0m  [["id", 1], ["LIMIT", 1]]
  ↳ app/controllers/reviews_controller.rb:8:in `index'
  [1m[36mShop Load (0.4ms)[0m  [1m[34mSELECT "shops".* FROM "shops" WHERE "shops"."id" = $1 LIMIT $2[0m  [["id", 2], ["LIMIT", 1]]
  ↳ app/controllers/reviews_controller.rb:8:in `index'
  [1m[36mUser Load (0.3ms)[0m  [1m[34mSELECT "users".* FROM "users" WHERE "users"."id" = $1 LIMIT $2[0m  [["id", 2], ["LIMIT", 1]]
  ↳ app/controllers/reviews_controller.rb:8:in `index'
Completed 200 OK in 17ms (Views: 0.1ms | ActiveRecord: 3.5ms | Allocations: 4923)


Started GET "/reviews" for ::1 at 2020-08-12 18:45:37 -0400
Processing by ReviewsController#index as HTML
  [1m[36mReview Load (2.1ms)[0m  [1m[34mSELECT "reviews".* FROM "reviews"[0m
  ↳ app/controllers/reviews_controller.rb:8:in `index'
  [1m[36mShop Load (0.6ms)[0m  [1m[34mSELECT "shops".* FROM "shops" WHERE "shops"."id" = $1 LIMIT $2[0m  [["id", 1], ["LIMIT", 1]]
  ↳ app/controllers/reviews_controller.rb:8:in `index'
  [1m[36mUser Load (0.4ms)[0m  [1m[34mSELECT "users".* FROM "users" WHERE "users"."id" = $1 LIMIT $2[0m  [["id", 1], ["LIMIT", 1]]
  ↳ app/controllers/reviews_controller.rb:8:in `index'
  [1m[36mShop Load (0.5ms)[0m  [1m[34mSELECT "shops".* FROM "shops" WHERE "shops"."id" = $1 LIMIT $2[0m  [["id", 2], ["LIMIT", 1]]
  ↳ app/controllers/reviews_controller.rb:8:in `index'
  [1m[36mUser Load (0.4ms)[0m  [1m[34mSELECT "users".* FROM "users" WHERE "users"."id" = $1 LIMIT $2[0m  [["id", 2], ["LIMIT", 1]]
  ↳ app/controllers/reviews_controller.rb:8:in `index'
Completed 200 OK in 18ms (Views: 0.2ms | ActiveRecord: 4.0ms | Allocations: 4923)


Started GET "/reviews" for ::1 at 2020-08-12 18:46:23 -0400
Processing by ReviewsController#index as HTML
  [1m[36mReview Load (0.5ms)[0m  [1m[34mSELECT "reviews".* FROM "reviews"[0m
  ↳ app/controllers/reviews_controller.rb:8:in `index'
  [1m[36mShop Load (0.3ms)[0m  [1m[34mSELECT "shops".* FROM "shops" WHERE "shops"."id" = $1 LIMIT $2[0m  [["id", 1], ["LIMIT", 1]]
  ↳ app/controllers/reviews_controller.rb:8:in `index'
  [1m[36mUser Load (1.8ms)[0m  [1m[34mSELECT "users".* FROM "users" WHERE "users"."id" = $1 LIMIT $2[0m  [["id", 1], ["LIMIT", 1]]
  ↳ app/controllers/reviews_controller.rb:8:in `index'
  [1m[36mShop Load (0.5ms)[0m  [1m[34mSELECT "shops".* FROM "shops" WHERE "shops"."id" = $1 LIMIT $2[0m  [["id", 2], ["LIMIT", 1]]
  ↳ app/controllers/reviews_controller.rb:8:in `index'
  [1m[36mUser Load (5.4ms)[0m  [1m[34mSELECT "users".* FROM "users" WHERE "users"."id" = $1 LIMIT $2[0m  [["id", 2], ["LIMIT", 1]]
  ↳ app/controllers/reviews_controller.rb:8:in `index'
Completed 200 OK in 19ms (Views: 0.1ms | ActiveRecord: 8.7ms | Allocations: 4923)


Started GET "/reviews" for ::1 at 2020-08-12 18:48:21 -0400
Processing by ReviewsController#index as HTML
  [1m[36mReview Load (0.7ms)[0m  [1m[34mSELECT "reviews".* FROM "reviews"[0m
  ↳ app/controllers/reviews_controller.rb:8:in `index'
  [1m[36mShop Load (0.3ms)[0m  [1m[34mSELECT "shops".* FROM "shops" WHERE "shops"."id" = $1 LIMIT $2[0m  [["id", 1], ["LIMIT", 1]]
  ↳ app/controllers/reviews_controller.rb:8:in `index'
  [1m[36mUser Load (0.4ms)[0m  [1m[34mSELECT "users".* FROM "users" WHERE "users"."id" = $1 LIMIT $2[0m  [["id", 1], ["LIMIT", 1]]
  ↳ app/controllers/reviews_controller.rb:8:in `index'
  [1m[36mShop Load (0.7ms)[0m  [1m[34mSELECT "shops".* FROM "shops" WHERE "shops"."id" = $1 LIMIT $2[0m  [["id", 2], ["LIMIT", 1]]
  ↳ app/controllers/reviews_controller.rb:8:in `index'
  [1m[36mUser Load (0.9ms)[0m  [1m[34mSELECT "users".* FROM "users" WHERE "users"."id" = $1 LIMIT $2[0m  [["id", 2], ["LIMIT", 1]]
  ↳ app/controllers/reviews_controller.rb:8:in `index'
Completed 200 OK in 15ms (Views: 0.2ms | ActiveRecord: 2.9ms | Allocations: 4923)


Started GET "/reviews" for ::1 at 2020-08-12 18:49:36 -0400
Processing by ReviewsController#index as HTML
  [1m[36mReview Load (0.5ms)[0m  [1m[34mSELECT "reviews".* FROM "reviews"[0m
  ↳ app/controllers/reviews_controller.rb:8:in `index'
  [1m[36mShop Load (0.3ms)[0m  [1m[34mSELECT "shops".* FROM "shops" WHERE "shops"."id" = $1 LIMIT $2[0m  [["id", 1], ["LIMIT", 1]]
  ↳ app/controllers/reviews_controller.rb:8:in `index'
  [1m[36mUser Load (0.4ms)[0m  [1m[34mSELECT "users".* FROM "users" WHERE "users"."id" = $1 LIMIT $2[0m  [["id", 1], ["LIMIT", 1]]
  ↳ app/controllers/reviews_controller.rb:8:in `index'
  [1m[36mShop Load (0.8ms)[0m  [1m[34mSELECT "shops".* FROM "shops" WHERE "shops"."id" = $1 LIMIT $2[0m  [["id", 2], ["LIMIT", 1]]
  ↳ app/controllers/reviews_controller.rb:8:in `index'
  [1m[36mUser Load (4.1ms)[0m  [1m[34mSELECT "users".* FROM "users" WHERE "users"."id" = $1 LIMIT $2[0m  [["id", 2], ["LIMIT", 1]]
  ↳ app/controllers/reviews_controller.rb:8:in `index'
Completed 200 OK in 20ms (Views: 0.1ms | ActiveRecord: 6.1ms | Allocations: 4923)


Started GET "/reviews" for ::1 at 2020-08-12 18:49:55 -0400
Processing by ReviewsController#index as HTML
  [1m[36mReview Load (2.3ms)[0m  [1m[34mSELECT "reviews".* FROM "reviews"[0m
  ↳ app/controllers/reviews_controller.rb:8:in `index'
  [1m[36mShop Load (0.8ms)[0m  [1m[34mSELECT "shops".* FROM "shops" WHERE "shops"."id" = $1 LIMIT $2[0m  [["id", 1], ["LIMIT", 1]]
  ↳ app/controllers/reviews_controller.rb:8:in `index'
  [1m[36mUser Load (0.3ms)[0m  [1m[34mSELECT "users".* FROM "users" WHERE "users"."id" = $1 LIMIT $2[0m  [["id", 1], ["LIMIT", 1]]
  ↳ app/controllers/reviews_controller.rb:8:in `index'
  [1m[36mShop Load (0.3ms)[0m  [1m[34mSELECT "shops".* FROM "shops" WHERE "shops"."id" = $1 LIMIT $2[0m  [["id", 2], ["LIMIT", 1]]
  ↳ app/controllers/reviews_controller.rb:8:in `index'
  [1m[36mUser Load (1.3ms)[0m  [1m[34mSELECT "users".* FROM "users" WHERE "users"."id" = $1 LIMIT $2[0m  [["id", 2], ["LIMIT", 1]]
  ↳ app/controllers/reviews_controller.rb:8:in `index'
Completed 200 OK in 18ms (Views: 0.1ms | ActiveRecord: 5.0ms | Allocations: 4923)


Started GET "/reviews" for ::1 at 2020-08-12 18:50:01 -0400
Processing by ReviewsController#index as HTML
  [1m[36mReview Load (0.6ms)[0m  [1m[34mSELECT "reviews".* FROM "reviews"[0m
  ↳ app/controllers/reviews_controller.rb:8:in `index'
  [1m[36mShop Load (0.5ms)[0m  [1m[34mSELECT "shops".* FROM "shops" WHERE "shops"."id" = $1 LIMIT $2[0m  [["id", 1], ["LIMIT", 1]]
  ↳ app/controllers/reviews_controller.rb:8:in `index'
  [1m[36mUser Load (0.4ms)[0m  [1m[34mSELECT "users".* FROM "users" WHERE "users"."id" = $1 LIMIT $2[0m  [["id", 1], ["LIMIT", 1]]
  ↳ app/controllers/reviews_controller.rb:8:in `index'
  [1m[36mShop Load (0.4ms)[0m  [1m[34mSELECT "shops".* FROM "shops" WHERE "shops"."id" = $1 LIMIT $2[0m  [["id", 2], ["LIMIT", 1]]
  ↳ app/controllers/reviews_controller.rb:8:in `index'
  [1m[36mUser Load (0.3ms)[0m  [1m[34mSELECT "users".* FROM "users" WHERE "users"."id" = $1 LIMIT $2[0m  [["id", 2], ["LIMIT", 1]]
  ↳ app/controllers/reviews_controller.rb:8:in `index'
Completed 200 OK in 13ms (Views: 0.1ms | ActiveRecord: 2.2ms | Allocations: 4923)


Started GET "/reviews" for ::1 at 2020-08-12 18:50:10 -0400
Processing by ReviewsController#index as HTML
  [1m[36mReview Load (3.8ms)[0m  [1m[34mSELECT "reviews".* FROM "reviews"[0m
  ↳ app/controllers/reviews_controller.rb:8:in `index'
  [1m[36mShop Load (1.4ms)[0m  [1m[34mSELECT "shops".* FROM "shops" WHERE "shops"."id" = $1 LIMIT $2[0m  [["id", 1], ["LIMIT", 1]]
  ↳ app/controllers/reviews_controller.rb:8:in `index'
  [1m[36mUser Load (0.3ms)[0m  [1m[34mSELECT "users".* FROM "users" WHERE "users"."id" = $1 LIMIT $2[0m  [["id", 1], ["LIMIT", 1]]
  ↳ app/controllers/reviews_controller.rb:8:in `index'
  [1m[36mShop Load (0.3ms)[0m  [1m[34mSELECT "shops".* FROM "shops" WHERE "shops"."id" = $1 LIMIT $2[0m  [["id", 2], ["LIMIT", 1]]
  ↳ app/controllers/reviews_controller.rb:8:in `index'
  [1m[36mUser Load (0.3ms)[0m  [1m[34mSELECT "users".* FROM "users" WHERE "users"."id" = $1 LIMIT $2[0m  [["id", 2], ["LIMIT", 1]]
  ↳ app/controllers/reviews_controller.rb:8:in `index'
Completed 200 OK in 26ms (Views: 0.1ms | ActiveRecord: 6.1ms | Allocations: 4926)


Started GET "/reviews" for ::1 at 2020-08-12 18:52:21 -0400
Processing by ReviewsController#index as HTML
  [1m[36mReview Load (0.8ms)[0m  [1m[34mSELECT "reviews".* FROM "reviews"[0m
  ↳ app/controllers/reviews_controller.rb:8:in `index'
  [1m[36mShop Load (0.4ms)[0m  [1m[34mSELECT "shops".* FROM "shops" WHERE "shops"."id" = $1 LIMIT $2[0m  [["id", 1], ["LIMIT", 1]]
  ↳ app/controllers/reviews_controller.rb:8:in `index'
  [1m[36mUser Load (0.3ms)[0m  [1m[34mSELECT "users".* FROM "users" WHERE "users"."id" = $1 LIMIT $2[0m  [["id", 1], ["LIMIT", 1]]
  ↳ app/controllers/reviews_controller.rb:8:in `index'
  [1m[36mShop Load (1.8ms)[0m  [1m[34mSELECT "shops".* FROM "shops" WHERE "shops"."id" = $1 LIMIT $2[0m  [["id", 2], ["LIMIT", 1]]
  ↳ app/controllers/reviews_controller.rb:8:in `index'
  [1m[36mUser Load (0.7ms)[0m  [1m[34mSELECT "users".* FROM "users" WHERE "users"."id" = $1 LIMIT $2[0m  [["id", 2], ["LIMIT", 1]]
  ↳ app/controllers/reviews_controller.rb:8:in `index'
Completed 200 OK in 16ms (Views: 0.1ms | ActiveRecord: 4.0ms | Allocations: 4923)


Started GET "/reviews" for ::1 at 2020-08-12 18:52:30 -0400
Processing by ReviewsController#index as HTML
  [1m[36mReview Load (0.7ms)[0m  [1m[34mSELECT "reviews".* FROM "reviews"[0m
  ↳ app/controllers/reviews_controller.rb:8:in `index'
  [1m[36mShop Load (0.4ms)[0m  [1m[34mSELECT "shops".* FROM "shops" WHERE "shops"."id" = $1 LIMIT $2[0m  [["id", 1], ["LIMIT", 1]]
  ↳ app/controllers/reviews_controller.rb:8:in `index'
  [1m[36mUser Load (0.4ms)[0m  [1m[34mSELECT "users".* FROM "users" WHERE "users"."id" = $1 LIMIT $2[0m  [["id", 1], ["LIMIT", 1]]
  ↳ app/controllers/reviews_controller.rb:8:in `index'
  [1m[36mShop Load (1.4ms)[0m  [1m[34mSELECT "shops".* FROM "shops" WHERE "shops"."id" = $1 LIMIT $2[0m  [["id", 2], ["LIMIT", 1]]
  ↳ app/controllers/reviews_controller.rb:8:in `index'
  [1m[36mUser Load (0.4ms)[0m  [1m[34mSELECT "users".* FROM "users" WHERE "users"."id" = $1 LIMIT $2[0m  [["id", 2], ["LIMIT", 1]]
  ↳ app/controllers/reviews_controller.rb:8:in `index'
Completed 200 OK in 14ms (Views: 0.1ms | ActiveRecord: 3.3ms | Allocations: 4923)


Started GET "/reviews" for ::1 at 2020-08-12 18:52:56 -0400
Processing by ReviewsController#index as HTML
  [1m[36mReview Load (0.6ms)[0m  [1m[34mSELECT "reviews".* FROM "reviews"[0m
  ↳ app/controllers/reviews_controller.rb:8:in `index'
  [1m[36mShop Load (1.9ms)[0m  [1m[34mSELECT "shops".* FROM "shops" WHERE "shops"."id" = $1 LIMIT $2[0m  [["id", 1], ["LIMIT", 1]]
  ↳ app/controllers/reviews_controller.rb:8:in `index'
  [1m[36mUser Load (0.3ms)[0m  [1m[34mSELECT "users".* FROM "users" WHERE "users"."id" = $1 LIMIT $2[0m  [["id", 1], ["LIMIT", 1]]
  ↳ app/controllers/reviews_controller.rb:8:in `index'
  [1m[36mShop Load (0.4ms)[0m  [1m[34mSELECT "shops".* FROM "shops" WHERE "shops"."id" = $1 LIMIT $2[0m  [["id", 2], ["LIMIT", 1]]
  ↳ app/controllers/reviews_controller.rb:8:in `index'
  [1m[36mUser Load (0.5ms)[0m  [1m[34mSELECT "users".* FROM "users" WHERE "users"."id" = $1 LIMIT $2[0m  [["id", 2], ["LIMIT", 1]]
  ↳ app/controllers/reviews_controller.rb:8:in `index'
Completed 200 OK in 20ms (Views: 0.2ms | ActiveRecord: 3.7ms | Allocations: 4923)


Started GET "/reviews" for ::1 at 2020-08-12 18:53:33 -0400
Processing by ReviewsController#index as HTML
  [1m[36mReview Load (0.6ms)[0m  [1m[34mSELECT "reviews".* FROM "reviews"[0m
  ↳ app/controllers/reviews_controller.rb:8:in `index'
  [1m[36mShop Load (0.7ms)[0m  [1m[34mSELECT "shops".* FROM "shops" WHERE "shops"."id" = $1 LIMIT $2[0m  [["id", 1], ["LIMIT", 1]]
  ↳ app/controllers/reviews_controller.rb:8:in `index'
  [1m[36mUser Load (5.7ms)[0m  [1m[34mSELECT "users".* FROM "users" WHERE "users"."id" = $1 LIMIT $2[0m  [["id", 1], ["LIMIT", 1]]
  ↳ app/controllers/reviews_controller.rb:8:in `index'
  [1m[36mShop Load (0.4ms)[0m  [1m[34mSELECT "shops".* FROM "shops" WHERE "shops"."id" = $1 LIMIT $2[0m  [["id", 2], ["LIMIT", 1]]
  ↳ app/controllers/reviews_controller.rb:8:in `index'
  [1m[36mUser Load (0.9ms)[0m  [1m[34mSELECT "users".* FROM "users" WHERE "users"."id" = $1 LIMIT $2[0m  [["id", 2], ["LIMIT", 1]]
  ↳ app/controllers/reviews_controller.rb:8:in `index'
Completed 200 OK in 22ms (Views: 0.2ms | ActiveRecord: 8.2ms | Allocations: 4923)


Started GET "/reviews" for ::1 at 2020-08-12 18:54:28 -0400
Processing by ReviewsController#index as HTML
  [1m[36mReview Load (39.4ms)[0m  [1m[34mSELECT "reviews".* FROM "reviews"[0m
  ↳ app/controllers/reviews_controller.rb:8:in `index'
  [1m[36mShop Load (1.5ms)[0m  [1m[34mSELECT "shops".* FROM "shops" WHERE "shops"."id" = $1 LIMIT $2[0m  [["id", 1], ["LIMIT", 1]]
  ↳ app/controllers/reviews_controller.rb:8:in `index'
  [1m[36mUser Load (0.4ms)[0m  [1m[34mSELECT "users".* FROM "users" WHERE "users"."id" = $1 LIMIT $2[0m  [["id", 1], ["LIMIT", 1]]
  ↳ app/controllers/reviews_controller.rb:8:in `index'
  [1m[36mShop Load (2.2ms)[0m  [1m[34mSELECT "shops".* FROM "shops" WHERE "shops"."id" = $1 LIMIT $2[0m  [["id", 2], ["LIMIT", 1]]
  ↳ app/controllers/reviews_controller.rb:8:in `index'
  [1m[36mUser Load (2.1ms)[0m  [1m[34mSELECT "users".* FROM "users" WHERE "users"."id" = $1 LIMIT $2[0m  [["id", 2], ["LIMIT", 1]]
  ↳ app/controllers/reviews_controller.rb:8:in `index'
Completed 200 OK in 58ms (Views: 0.1ms | ActiveRecord: 45.6ms | Allocations: 4923)


Started GET "/reviews" for ::1 at 2020-08-12 18:55:09 -0400
Processing by ReviewsController#index as HTML
  [1m[36mReview Load (0.5ms)[0m  [1m[34mSELECT "reviews".* FROM "reviews"[0m
  ↳ app/controllers/reviews_controller.rb:8:in `index'
  [1m[36mShop Load (0.4ms)[0m  [1m[34mSELECT "shops".* FROM "shops" WHERE "shops"."id" = $1 LIMIT $2[0m  [["id", 1], ["LIMIT", 1]]
  ↳ app/controllers/reviews_controller.rb:8:in `index'
  [1m[36mUser Load (0.5ms)[0m  [1m[34mSELECT "users".* FROM "users" WHERE "users"."id" = $1 LIMIT $2[0m  [["id", 1], ["LIMIT", 1]]
  ↳ app/controllers/reviews_controller.rb:8:in `index'
  [1m[36mShop Load (0.5ms)[0m  [1m[34mSELECT "shops".* FROM "shops" WHERE "shops"."id" = $1 LIMIT $2[0m  [["id", 2], ["LIMIT", 1]]
  ↳ app/controllers/reviews_controller.rb:8:in `index'
  [1m[36mUser Load (0.6ms)[0m  [1m[34mSELECT "users".* FROM "users" WHERE "users"."id" = $1 LIMIT $2[0m  [["id", 2], ["LIMIT", 1]]
  ↳ app/controllers/reviews_controller.rb:8:in `index'
Completed 200 OK in 18ms (Views: 0.1ms | ActiveRecord: 2.5ms | Allocations: 4923)


Started GET "/reviews" for ::1 at 2020-08-12 18:58:05 -0400
Processing by ReviewsController#index as HTML
  [1m[36mReview Load (5.3ms)[0m  [1m[34mSELECT "reviews".* FROM "reviews"[0m
  ↳ app/controllers/reviews_controller.rb:8:in `index'
  [1m[36mShop Load (0.5ms)[0m  [1m[34mSELECT "shops".* FROM "shops" WHERE "shops"."id" = $1 LIMIT $2[0m  [["id", 1], ["LIMIT", 1]]
  ↳ app/controllers/reviews_controller.rb:8:in `index'
  [1m[36mUser Load (1.6ms)[0m  [1m[34mSELECT "users".* FROM "users" WHERE "users"."id" = $1 LIMIT $2[0m  [["id", 1], ["LIMIT", 1]]
  ↳ app/controllers/reviews_controller.rb:8:in `index'
  [1m[36mShop Load (5.0ms)[0m  [1m[34mSELECT "shops".* FROM "shops" WHERE "shops"."id" = $1 LIMIT $2[0m  [["id", 2], ["LIMIT", 1]]
  ↳ app/controllers/reviews_controller.rb:8:in `index'
  [1m[36mUser Load (0.4ms)[0m  [1m[34mSELECT "users".* FROM "users" WHERE "users"."id" = $1 LIMIT $2[0m  [["id", 2], ["LIMIT", 1]]
  ↳ app/controllers/reviews_controller.rb:8:in `index'
Completed 200 OK in 28ms (Views: 0.2ms | ActiveRecord: 12.8ms | Allocations: 4923)


Started GET "/reviews" for ::1 at 2020-08-12 19:08:07 -0400
  [1m[35m (4.8ms)[0m  [1m[34mSELECT "schema_migrations"."version" FROM "schema_migrations" ORDER BY "schema_migrations"."version" ASC[0m
Processing by ReviewsController#index as HTML
  [1m[36mReview Load (4.0ms)[0m  [1m[34mSELECT "reviews".* FROM "reviews"[0m
  ↳ app/controllers/reviews_controller.rb:8:in `index'
  [1m[36mShop Load (5.7ms)[0m  [1m[34mSELECT "shops".* FROM "shops" WHERE "shops"."id" = $1 LIMIT $2[0m  [["id", 1], ["LIMIT", 1]]
  ↳ app/controllers/reviews_controller.rb:8:in `index'
  [1m[36mUser Load (3.0ms)[0m  [1m[34mSELECT "users".* FROM "users" WHERE "users"."id" = $1 LIMIT $2[0m  [["id", 1], ["LIMIT", 1]]
  ↳ app/controllers/reviews_controller.rb:8:in `index'
  [1m[36mShop Load (21.3ms)[0m  [1m[34mSELECT "shops".* FROM "shops" WHERE "shops"."id" = $1 LIMIT $2[0m  [["id", 2], ["LIMIT", 1]]
  ↳ app/controllers/reviews_controller.rb:8:in `index'
  [1m[36mUser Load (0.9ms)[0m  [1m[34mSELECT "users".* FROM "users" WHERE "users"."id" = $1 LIMIT $2[0m  [["id", 2], ["LIMIT", 1]]
  ↳ app/controllers/reviews_controller.rb:8:in `index'
Completed 200 OK in 819ms (Views: 0.2ms | ActiveRecord: 551.6ms | Allocations: 26277)


